2026-04-19T15:58:21 rein-mark-incident-processed: start path=auto-pre-bash-guard-2fbe7edae5a10b1f-6.md status=declined
2026-04-19T15:58:21 rein-mark-incident-processed: ok path=auto-pre-bash-guard-2fbe7edae5a10b1f-6.md result=updated
2026-04-19T15:58:23 rein-mark-incident-processed: start path=auto-pre-bash-guard-f5358f544f79229a-4.md status=declined
2026-04-19T15:58:23 rein-mark-incident-processed: ok path=auto-pre-bash-guard-f5358f544f79229a-4.md result=updated
2026-04-19T15:58:25 rein-mark-incident-processed: start path=auto-pre-edit-dod-gate-7dd9d0cc854a8117.md status=declined
2026-04-19T15:58:25 rein-mark-incident-processed: ok path=auto-pre-edit-dod-gate-7dd9d0cc854a8117.md result=updated
2026-04-19T17:09:10 rein-mark-incident-processed: start path=auto-pre-bash-guard-f5358f544f79229a-5.md status=declined
2026-04-19T17:09:10 rein-mark-incident-processed: ok path=auto-pre-bash-guard-f5358f544f79229a-5.md result=updated
2026-04-20T08:02:09 rein-mark-incident-processed: start path=auto-pre-bash-guard-2fbe7edae5a10b1f.md action=declined
2026-04-20T08:02:09 rein-mark-incident-processed: ok path=auto-pre-bash-guard-2fbe7edae5a10b1f.md result=updated
2026-04-20T08:02:09 rein-mark-incident-processed: start path=auto-pre-bash-guard-f5358f544f79229a.md action=declined
2026-04-20T08:02:09 rein-mark-incident-processed: ok path=auto-pre-bash-guard-f5358f544f79229a.md result=updated
2026-04-20T08:02:09 rein-mark-incident-processed: start path=auto-pre-bash-guard-fbc1a006534deac9.md action=declined
2026-04-20T08:02:09 rein-mark-incident-processed: ok path=auto-pre-bash-guard-fbc1a006534deac9.md result=updated
2026-04-21T00:19:56 rein-mark-incident-processed: start path=auto-pre-edit-dod-gate-351623296a9bc1d8.md action=declined
2026-04-21T00:19:56 rein-mark-incident-processed: ok path=auto-pre-edit-dod-gate-351623296a9bc1d8.md result=updated
2026-04-21T07:16:40 rein-mark-incident-processed: start path=auto-pre-edit-dod-gate-351623296a9bc1d8-2.md action=processed
2026-04-21T07:16:40 rein-mark-incident-processed: ok path=auto-pre-edit-dod-gate-351623296a9bc1d8-2.md result=updated
2026-04-21T09:31:12 rein-mark-incident-processed: start path=auto-pre-bash-guard-f5358f544f79229a.md action=declined
2026-04-21T09:31:12 rein-mark-incident-processed: ok path=auto-pre-bash-guard-f5358f544f79229a.md result=updated
2026-04-21T09:44:59 rein-mark-incident-processed: start path=auto-pre-bash-guard-2fbe7edae5a10b1f.md action=declined
2026-04-21T09:44:59 rein-mark-incident-processed: ok path=auto-pre-bash-guard-2fbe7edae5a10b1f.md result=updated
2026-04-28T04:56:58 rein-mark-incident-processed: start path=auto-pre-bash-guard-2fbe7edae5a10b1f.md action=declined
2026-04-28T04:56:58 rein-mark-incident-processed: ok path=auto-pre-bash-guard-2fbe7edae5a10b1f.md result=updated
2026-04-29T02:43:28 rein-mark-incident-processed: start path=auto-pre-bash-guard-2fbe7edae5a10b1f.md action=declined
2026-04-29T02:43:28 rein-mark-incident-processed: ok path=auto-pre-bash-guard-2fbe7edae5a10b1f.md result=updated
2026-04-29T03:12:59 rein-mark-incident-processed: start path=auto-pre-bash-guard-2fbe7edae5a10b1f.md action=declined
2026-04-29T03:12:59 rein-mark-incident-processed: ok path=auto-pre-bash-guard-2fbe7edae5a10b1f.md result=updated
2026-04-29T03:12:59 rein-mark-incident-processed: start path=auto-pre-edit-dod-gate-bef187256cf7608e.md action=declined
2026-04-29T03:12:59 rein-mark-incident-processed: ok path=auto-pre-edit-dod-gate-bef187256cf7608e.md result=updated
2026-04-29T03:19:18 rein-mark-incident-processed: start path=auto-pre-bash-guard-2fbe7edae5a10b1f.md action=declined
2026-04-29T03:19:18 rein-mark-incident-processed: ok path=auto-pre-bash-guard-2fbe7edae5a10b1f.md result=updated
2026-04-29T03:19:18 rein-mark-incident-processed: start path=auto-pre-bash-guard-f7e93d873e9ff9af.md action=declined
2026-04-29T03:19:18 rein-mark-incident-processed: ok path=auto-pre-bash-guard-f7e93d873e9ff9af.md result=updated
2026-04-29T03:19:18 rein-mark-incident-processed: start path=auto-pre-edit-dod-gate-bef187256cf7608e.md action=declined
2026-04-29T03:19:18 rein-mark-incident-processed: ok path=auto-pre-edit-dod-gate-bef187256cf7608e.md result=updated
2026-04-29T03:22:01 rein-mark-incident-processed: start path=auto-pre-edit-dod-gate-bef187256cf7608e.md action=declined
2026-04-29T03:22:01 rein-mark-incident-processed: ok path=auto-pre-edit-dod-gate-bef187256cf7608e.md result=updated
2026-04-29T05:56:05 rein-mark-incident-processed: start path=auto-pre-bash-guard-2fbe7edae5a10b1f.md action=error
2026-04-29T05:56:05 rein-mark-incident-processed: ok path=auto-pre-bash-guard-2fbe7edae5a10b1f.md result=updated
2026-04-29T05:56:05 rein-mark-incident-processed: start path=auto-pre-edit-dod-gate-bef187256cf7608e.md action=error
2026-04-29T05:56:05 rein-mark-incident-processed: ok path=auto-pre-edit-dod-gate-bef187256cf7608e.md result=updated
2026-04-29T05:56:05 rein-mark-incident-processed: start path=auto-stop-gate-loop.md action=error
2026-04-29T05:56:05 rein-mark-incident-processed: ok path=auto-stop-gate-loop.md result=updated
2026-04-29T08:55:39 rein-mark-incident-processed: start path=auto-pre-bash-guard-13f579b765c8add9.md action=declined
2026-04-29T08:55:39 rein-mark-incident-processed: ok path=auto-pre-bash-guard-13f579b765c8add9.md result=updated
2026-05-06T08:14:28 rein-mark-incident-processed: start path=auto-pre-bash-guard-13f579b765c8add9.md action=declined
2026-05-06T08:14:28 rein-mark-incident-processed: ok path=auto-pre-bash-guard-13f579b765c8add9.md result=updated
2026-05-06T08:14:28 rein-mark-incident-processed: start path=auto-pre-edit-dod-gate-0b542d256ae42057.md action=declined
2026-05-06T08:14:28 rein-mark-incident-processed: ok path=auto-pre-edit-dod-gate-0b542d256ae42057.md result=updated
2026-05-06T08:14:28 rein-mark-incident-processed: start path=auto-pre-edit-dod-gate-7dd9d0cc854a8117.md action=declined
2026-05-06T08:14:28 rein-mark-incident-processed: ok path=auto-pre-edit-dod-gate-7dd9d0cc854a8117.md result=updated
2026-05-06T08:14:28 rein-mark-incident-processed: start path=auto-pre-edit-dod-gate-bef187256cf7608e-2.md action=declined
2026-05-06T08:14:28 rein-mark-incident-processed: ok path=auto-pre-edit-dod-gate-bef187256cf7608e-2.md result=updated
2026-05-06T08:14:28 rein-mark-incident-processed: start path=auto-pre-edit-dod-gate-eee46f3711b27315.md action=declined
2026-05-06T08:14:28 rein-mark-incident-processed: ok path=auto-pre-edit-dod-gate-eee46f3711b27315.md result=updated
2026-05-06T08:14:28 rein-mark-incident-processed: start path=auto-pre-bash-guard-2fbe7edae5a10b1f-2.md action=processed
2026-05-06T08:14:28 rein-mark-incident-processed: ok path=auto-pre-bash-guard-2fbe7edae5a10b1f-2.md result=updated
2026-05-11T08:31:51 rein-mark-incident-processed: start path=auto-pre-bash-guard-13f579b765c8add9.md action=declined
2026-05-11T08:31:51 rein-mark-incident-processed: ok path=auto-pre-bash-guard-13f579b765c8add9.md result=updated
2026-05-11T08:31:51 rein-mark-incident-processed: start path=auto-pre-bash-guard-2fbe7edae5a10b1f-2.md action=declined
2026-05-11T08:31:51 rein-mark-incident-processed: ok path=auto-pre-bash-guard-2fbe7edae5a10b1f-2.md result=updated
2026-05-11T08:31:51 rein-mark-incident-processed: start path=auto-pre-edit-dod-gate-0b542d256ae42057.md action=declined
2026-05-11T08:31:51 rein-mark-incident-processed: ok path=auto-pre-edit-dod-gate-0b542d256ae42057.md result=updated
2026-05-11T08:31:51 rein-mark-incident-processed: start path=auto-pre-edit-dod-gate-7dd9d0cc854a8117.md action=declined
2026-05-11T08:31:51 rein-mark-incident-processed: ok path=auto-pre-edit-dod-gate-7dd9d0cc854a8117.md result=updated
2026-05-11T08:31:51 rein-mark-incident-processed: start path=auto-pre-edit-dod-gate-bef187256cf7608e-2.md action=declined
2026-05-11T08:31:51 rein-mark-incident-processed: ok path=auto-pre-edit-dod-gate-bef187256cf7608e-2.md result=updated
2026-05-11T08:31:51 rein-mark-incident-processed: start path=auto-pre-edit-dod-gate-eee46f3711b27315.md action=declined
2026-05-11T08:31:51 rein-mark-incident-processed: ok path=auto-pre-edit-dod-gate-eee46f3711b27315.md result=updated
2026-05-11T08:31:51 rein-mark-incident-processed: start path=auto-pre-bash-guard-2fbe7edae5a10b1f.md action=declined
2026-05-11T08:31:51 rein-mark-incident-processed: ok path=auto-pre-bash-guard-2fbe7edae5a10b1f.md result=updated
2026-05-11T08:31:51 rein-mark-incident-processed: start path=auto-pre-edit-dod-gate-bef187256cf7608e.md action=declined
2026-05-11T08:31:51 rein-mark-incident-processed: ok path=auto-pre-edit-dod-gate-bef187256cf7608e.md result=updated
2026-05-11T08:31:51 rein-mark-incident-processed: start path=auto-stop-gate-loop.md action=declined
2026-05-11T08:31:51 rein-mark-incident-processed: ok path=auto-stop-gate-loop.md result=updated
2026-05-12T08:49:59 rein-mark-incident-processed: start path=auto-pre-bash-guard-f5358f544f79229a.md action=declined
2026-05-12T08:49:59 rein-mark-incident-processed: ok path=auto-pre-bash-guard-f5358f544f79229a.md result=updated
2026-05-12T08:50:01 rein-mark-incident-processed: start path=auto-pre-edit-dod-gate-0b542d256ae42057.md action=declined
2026-05-12T08:50:01 rein-mark-incident-processed: ok path=auto-pre-edit-dod-gate-0b542d256ae42057.md result=updated
2026-05-15T06:02:54 rein-mark-incident-processed: start path=auto-pre-bash-guard-13f579b765c8add9.md action=declined
2026-05-15T06:02:54 rein-mark-incident-processed: ok path=auto-pre-bash-guard-13f579b765c8add9.md result=updated
2026-05-15T09:07:30 rein-mark-incident-processed: start path=auto-pre-edit-dod-gate-351623296a9bc1d8.md action=processed
2026-05-15T09:07:30 rein-mark-incident-processed: ok path=auto-pre-edit-dod-gate-351623296a9bc1d8.md result=updated
2026-05-18T05:45:03 rein-mark-incident-processed: start path=auto-pre-bash-guard-712c619297124005.md action=declined
2026-05-18T05:45:03 rein-mark-incident-processed: ok path=auto-pre-bash-guard-712c619297124005.md result=updated
2026-05-18T05:45:03 rein-mark-incident-processed: start path=auto-pre-edit-dod-gate-bef187256cf7608e.md action=declined
2026-05-18T05:45:03 rein-mark-incident-processed: ok path=auto-pre-edit-dod-gate-bef187256cf7608e.md result=updated
2026-05-18T05:45:03 rein-mark-incident-processed: start path=auto-pre-edit-dod-gate-eee46f3711b27315.md action=declined
2026-05-18T05:45:03 rein-mark-incident-processed: ok path=auto-pre-edit-dod-gate-eee46f3711b27315.md result=updated
2026-05-18T10:00:38 rein-mark-incident-processed: start path=auto-pre-bash-guard-712c619297124005.md action=declined
2026-05-18T10:00:38 rein-mark-incident-processed: ok path=auto-pre-bash-guard-712c619297124005.md result=updated
2026-05-19T07:50:29 rein-mark-incident-processed: start path=auto-pre-edit-dod-gate-0b542d256ae42057.md action=declined
2026-05-19T07:50:29 rein-mark-incident-processed: ok path=auto-pre-edit-dod-gate-0b542d256ae42057.md result=updated
2026-05-20T02:00:01 rein-mark-incident-processed: start path=auto-pre-bash-guard-712c619297124005.md action=declined
2026-05-20T02:00:01 rein-mark-incident-processed: ok path=auto-pre-bash-guard-712c619297124005.md result=updated
2026-05-20T02:00:04 rein-mark-incident-processed: start path=auto-pre-edit-dod-gate-bef187256cf7608e.md action=declined
2026-05-20T02:00:04 rein-mark-incident-processed: ok path=auto-pre-edit-dod-gate-bef187256cf7608e.md result=updated
2026-05-20T02:00:07 rein-mark-incident-processed: start path=auto-pre-edit-dod-gate-eee46f3711b27315.md action=declined
2026-05-20T02:00:07 rein-mark-incident-processed: ok path=auto-pre-edit-dod-gate-eee46f3711b27315.md result=updated
2026-05-20T04:25:12 rein-mark-incident-processed: start path=auto-pre-bash-test-commit-gate-0fdfd77d325b7480.md action=declined
2026-05-20T04:25:12 rein-mark-incident-processed: ok path=auto-pre-bash-test-commit-gate-0fdfd77d325b7480.md result=updated
2026-05-22T05:31:05 rein-mark-incident-processed: start path=auto-pre-bash-safety-guard-10b2831b06de2b09.md action=declined
2026-05-22T05:31:05 rein-mark-incident-processed: ok path=auto-pre-bash-safety-guard-10b2831b06de2b09.md result=updated
2026-05-28T07:25:32 rein-mark-incident-processed: start path=auto-pre-edit-dod-gate-351623296a9bc1d8.md action=declined
2026-05-28T07:25:32 rein-mark-incident-processed: ok path=auto-pre-edit-dod-gate-351623296a9bc1d8.md result=updated
2026-05-29T01:24:04 rein-mark-incident-processed: start path=auto-pre-edit-dod-gate-351623296a9bc1d8.md action=declined
2026-05-29T01:24:04 rein-mark-incident-processed: ok path=auto-pre-edit-dod-gate-351623296a9bc1d8.md result=updated
2026-05-29T04:00:56 rein-mark-incident-processed: start path=auto-pre-edit-dod-gate-351623296a9bc1d8.md action=declined
2026-05-29T04:00:56 rein-mark-incident-processed: ok path=auto-pre-edit-dod-gate-351623296a9bc1d8.md result=updated
2026-06-02T09:15:51 rein-mark-incident-processed: start path=auto-pre-bash-safety-guard-2dc39a4e0b165ba2.md action=declined
2026-06-02T09:15:51 rein-mark-incident-processed: ok path=auto-pre-bash-safety-guard-2dc39a4e0b165ba2.md result=updated
2026-06-05T04:15:05 rein-mark-incident-processed: start path=auto-pre-bash-safety-guard-c73c1a6a8db7b9cb.md action=declined
2026-06-05T04:15:05 rein-mark-incident-processed: ok path=auto-pre-bash-safety-guard-c73c1a6a8db7b9cb.md result=updated
2026-06-17T01:46:12 rein-mark-incident-processed: start path=auto-pre-bash-test-commit-gate-0fdfd77d325b7480.md action=declined
2026-06-17T01:46:12 rein-mark-incident-processed: ok path=auto-pre-bash-test-commit-gate-0fdfd77d325b7480.md result=updated
2026-06-17T01:55:01 rein-mark-incident-processed: start path=auto-pre-bash-safety-guard-2dc39a4e0b165ba2.md action=declined
2026-06-17T01:55:01 rein-mark-incident-processed: ok path=auto-pre-bash-safety-guard-2dc39a4e0b165ba2.md result=updated
2026-06-17T01:55:01 rein-mark-incident-processed: start path=auto-pre-bash-test-commit-gate-d76962326046e163.md action=declined
2026-06-17T01:55:01 rein-mark-incident-processed: ok path=auto-pre-bash-test-commit-gate-d76962326046e163.md result=updated
2026-06-17T02:47:09 rein-mark-incident-processed: start path=auto-pre-bash-test-commit-gate-d76962326046e163.md action=declined
2026-06-17T02:47:09 rein-mark-incident-processed: ok path=auto-pre-bash-test-commit-gate-d76962326046e163.md result=updated
2026-06-18T08:54:08 rein-mark-incident-processed: start path=auto-pre-bash-test-commit-gate-d76962326046e163.md action=declined
2026-06-18T08:54:08 rein-mark-incident-processed: ok path=auto-pre-bash-test-commit-gate-d76962326046e163.md result=updated
2026-07-13T03:17:16 rein-mark-incident-processed: start path=auto-pre-edit-dod-gate-e8178927cc9108db.md action=processed
2026-07-13T03:17:16 rein-mark-incident-processed: ok path=auto-pre-edit-dod-gate-e8178927cc9108db.md result=updated
2026-07-13T03:31:17 rein-mark-incident-processed: start path=auto-pre-edit-dod-gate-bef187256cf7608e.md action=processed
2026-07-13T03:31:17 rein-mark-incident-processed: ok path=auto-pre-edit-dod-gate-bef187256cf7608e.md result=updated
2026-07-13T03:50:38 rein-mark-incident-processed: start path=auto-pre-edit-dod-gate-bef187256cf7608e.md action=processed
2026-07-13T03:50:38 rein-mark-incident-processed: ok path=auto-pre-edit-dod-gate-bef187256cf7608e.md result=updated
2026-07-13T08:25:25 rein-mark-incident-processed: start path=auto-pre-bash-guard-13f579b765c8add9.md action=processed
2026-07-13T08:25:25 rein-mark-incident-processed: ok path=auto-pre-bash-guard-13f579b765c8add9.md result=updated
2026-07-13T08:25:25 rein-mark-incident-processed: start path=auto-pre-bash-guard-2fbe7edae5a10b1f.md action=processed
2026-07-13T08:25:25 rein-mark-incident-processed: ok path=auto-pre-bash-guard-2fbe7edae5a10b1f.md result=updated
2026-07-13T08:25:25 rein-mark-incident-processed: start path=auto-pre-bash-guard-712c619297124005.md action=processed
2026-07-13T08:25:25 rein-mark-incident-processed: ok path=auto-pre-bash-guard-712c619297124005.md result=updated
2026-07-13T08:25:25 rein-mark-incident-processed: start path=auto-pre-bash-guard-bfe7668b844e64cb.md action=processed
2026-07-13T08:25:25 rein-mark-incident-processed: ok path=auto-pre-bash-guard-bfe7668b844e64cb.md result=updated
2026-07-13T08:25:25 rein-mark-incident-processed: start path=auto-pre-bash-guard-f5358f544f79229a.md action=processed
2026-07-13T08:25:25 rein-mark-incident-processed: ok path=auto-pre-bash-guard-f5358f544f79229a.md result=updated
2026-07-13T08:25:25 rein-mark-incident-processed: start path=auto-pre-bash-guard-f7e93d873e9ff9af.md action=processed
2026-07-13T08:25:25 rein-mark-incident-processed: ok path=auto-pre-bash-guard-f7e93d873e9ff9af.md result=updated
2026-07-13T08:25:26 rein-mark-incident-processed: start path=auto-pre-bash-guard-fbc1a006534deac9.md action=processed
2026-07-13T08:25:26 rein-mark-incident-processed: ok path=auto-pre-bash-guard-fbc1a006534deac9.md result=updated
2026-07-13T08:25:26 rein-mark-incident-processed: start path=auto-pre-bash-safety-guard-10b2831b06de2b09.md action=processed
2026-07-13T08:25:26 rein-mark-incident-processed: ok path=auto-pre-bash-safety-guard-10b2831b06de2b09.md result=updated
2026-07-13T08:25:26 rein-mark-incident-processed: start path=auto-pre-bash-safety-guard-2dc39a4e0b165ba2.md action=processed
2026-07-13T08:25:26 rein-mark-incident-processed: ok path=auto-pre-bash-safety-guard-2dc39a4e0b165ba2.md result=updated
2026-07-13T08:25:26 rein-mark-incident-processed: start path=auto-pre-bash-safety-guard-c73c1a6a8db7b9cb.md action=processed
2026-07-13T08:25:26 rein-mark-incident-processed: ok path=auto-pre-bash-safety-guard-c73c1a6a8db7b9cb.md result=updated
2026-07-13T08:25:26 rein-mark-incident-processed: start path=auto-pre-bash-test-commit-gate-0fdfd77d325b7480.md action=processed
2026-07-13T08:25:26 rein-mark-incident-processed: ok path=auto-pre-bash-test-commit-gate-0fdfd77d325b7480.md result=updated
2026-07-13T08:25:26 rein-mark-incident-processed: start path=auto-pre-bash-test-commit-gate-d76962326046e163.md action=processed
2026-07-13T08:25:26 rein-mark-incident-processed: ok path=auto-pre-bash-test-commit-gate-d76962326046e163.md result=updated
2026-07-13T08:25:26 rein-mark-incident-processed: start path=auto-pre-edit-dod-gate-0b542d256ae42057.md action=processed
2026-07-13T08:25:26 rein-mark-incident-processed: ok path=auto-pre-edit-dod-gate-0b542d256ae42057.md result=updated
2026-07-13T08:25:26 rein-mark-incident-processed: start path=auto-pre-edit-dod-gate-351623296a9bc1d8.md action=processed
2026-07-13T08:25:26 rein-mark-incident-processed: ok path=auto-pre-edit-dod-gate-351623296a9bc1d8.md result=updated
2026-07-13T08:25:26 rein-mark-incident-processed: start path=auto-pre-edit-dod-gate-7dd9d0cc854a8117.md action=processed
2026-07-13T08:25:26 rein-mark-incident-processed: ok path=auto-pre-edit-dod-gate-7dd9d0cc854a8117.md result=updated
2026-07-13T08:25:26 rein-mark-incident-processed: start path=auto-pre-edit-dod-gate-bef187256cf7608e.md action=processed
2026-07-13T08:25:26 rein-mark-incident-processed: ok path=auto-pre-edit-dod-gate-bef187256cf7608e.md result=updated
2026-07-13T08:25:26 rein-mark-incident-processed: start path=auto-pre-edit-dod-gate-e8178927cc9108db.md action=processed
2026-07-13T08:25:26 rein-mark-incident-processed: ok path=auto-pre-edit-dod-gate-e8178927cc9108db.md result=updated
2026-07-13T08:25:26 rein-mark-incident-processed: start path=auto-pre-edit-dod-gate-eee46f3711b27315.md action=processed
2026-07-13T08:25:26 rein-mark-incident-processed: ok path=auto-pre-edit-dod-gate-eee46f3711b27315.md result=updated
